Experiment: cifar10__resnet18_cifar
Start: 2026-02-19T22:40:20
Dataset kind: cifar
Dataset: cifar10
Model: resnet18_cifar
Model file: models/cifar/resnet18_cifar.pt
Device: cuda:0
Normalization: True (default stats for cifar)
EPOCHS=20, BATCH_SIZE=128, LR=0.01, MOMENTUM=0.9, WEIGHT_DECAY=0.0, NUM_WORKERS=0, SEED=42

Epoch 001: train_loss=0.650679, train_acc=0.7765 | val_loss=0.393851, val_acc=0.8680 | time=12.97s
Epoch 002: train_loss=0.233155, train_acc=0.9181 | val_loss=0.311296, val_acc=0.8977 | time=12.15s
Epoch 003: train_loss=0.101614, train_acc=0.9653 | val_loss=0.367105, val_acc=0.8953 | time=12.69s
Epoch 004: train_loss=0.052468, train_acc=0.9816 | val_loss=0.339953, val_acc=0.9064 | time=12.65s
Epoch 005: train_loss=0.030595, train_acc=0.9895 | val_loss=0.357151, val_acc=0.9129 | time=12.66s
Epoch 006: train_loss=0.019300, train_acc=0.9938 | val_loss=0.384308, val_acc=0.9092 | time=12.58s
Epoch 007: train_loss=0.014474, train_acc=0.9952 | val_loss=0.422162, val_acc=0.9058 | time=12.44s
Epoch 008: train_loss=0.012840, train_acc=0.9958 | val_loss=0.424826, val_acc=0.9122 | time=12.45s
Epoch 009: train_loss=0.009778, train_acc=0.9969 | val_loss=0.388186, val_acc=0.9191 | time=12.36s
Epoch 010: train_loss=0.014149, train_acc=0.9951 | val_loss=0.407637, val_acc=0.9132 | time=12.50s
Epoch 011: train_loss=0.009303, train_acc=0.9969 | val_loss=0.416071, val_acc=0.9142 | time=12.32s
Epoch 012: train_loss=0.006836, train_acc=0.9977 | val_loss=0.405781, val_acc=0.9201 | time=12.29s
Epoch 013: train_loss=0.004367, train_acc=0.9986 | val_loss=0.400772, val_acc=0.9198 | time=12.38s
Epoch 014: train_loss=0.005460, train_acc=0.9982 | val_loss=0.426691, val_acc=0.9212 | time=12.52s
Epoch 015: train_loss=0.002747, train_acc=0.9994 | val_loss=0.415362, val_acc=0.9224 | time=12.32s
Epoch 016: train_loss=0.001112, train_acc=0.9998 | val_loss=0.384820, val_acc=0.9274 | time=12.37s
Epoch 017: train_loss=0.000654, train_acc=0.9999 | val_loss=0.375320, val_acc=0.9306 | time=12.80s
Epoch 018: train_loss=0.000399, train_acc=1.0000 | val_loss=0.374735, val_acc=0.9289 | time=12.65s
Epoch 019: train_loss=0.000305, train_acc=1.0000 | val_loss=0.380431, val_acc=0.9297 | time=12.80s
Epoch 020: train_loss=0.000139, train_acc=1.0000 | val_loss=0.379553, val_acc=0.9302 | time=12.51s

Done.
Saved config: local_exp/cifar10__resnet18_cifar/config.json
Saved metrics: local_exp/cifar10__resnet18_cifar/metrics.csv
Saved plots: local_exp/cifar10__resnet18_cifar/loss.png, local_exp/cifar10__resnet18_cifar/acc.png
Saved model: local_exp/cifar10__resnet18_cifar/final_model.pt
